<?xml version="1.0" encoding="UTF-8"?>
<testsuites name="Integration Tests" tests="8" failures="8" errors="0" time="2.411">
  <testsuite name="User API Integration Tests" errors="0" failures="8" skipped="0" timestamp="2025-10-02T06:20:18" time="2.277" tests="8">
    <testcase classname="User API Integration Tests POST /api/users" name="should create a new user and return 202 Accepted" time="0.001">
      <failure>Error: Could not find a working container runtime strategy
    at getContainerRuntimeClient (/Users/patiphanchaiya/Documents/event-driven-fastify-structure/node_modules/testcontainers/src/container-runtime/clients/client.ts:63:9)
    at processTicksAndRejections (node:internal/process/task_queues:95:5)
    at GenericContainer.start (/Users/patiphanchaiya/Documents/event-driven-fastify-structure/node_modules/testcontainers/src/generic-container/generic-container.ts:87:20)
    at Function.setup (/Users/patiphanchaiya/Documents/event-driven-fastify-structure/src/tests/integration/setup.ts:16:21)
    at Object.&lt;anonymous&gt; (/Users/patiphanchaiya/Documents/event-driven-fastify-structure/src/tests/integration/user.test.ts:10:15)</failure>
    </testcase>
    <testcase classname="User API Integration Tests POST /api/users" name="should return 400 for invalid user data" time="0.001">
      <failure>Error: Could not find a working container runtime strategy
    at getContainerRuntimeClient (/Users/patiphanchaiya/Documents/event-driven-fastify-structure/node_modules/testcontainers/src/container-runtime/clients/client.ts:63:9)
    at processTicksAndRejections (node:internal/process/task_queues:95:5)
    at GenericContainer.start (/Users/patiphanchaiya/Documents/event-driven-fastify-structure/node_modules/testcontainers/src/generic-container/generic-container.ts:87:20)
    at Function.setup (/Users/patiphanchaiya/Documents/event-driven-fastify-structure/src/tests/integration/setup.ts:16:21)
    at Object.&lt;anonymous&gt; (/Users/patiphanchaiya/Documents/event-driven-fastify-structure/src/tests/integration/user.test.ts:10:15)</failure>
    </testcase>
    <testcase classname="User API Integration Tests PUT /api/users/:id" name="should update an existing user and return 202 Accepted" time="0">
      <failure>Error: Could not find a working container runtime strategy
    at getContainerRuntimeClient (/Users/patiphanchaiya/Documents/event-driven-fastify-structure/node_modules/testcontainers/src/container-runtime/clients/client.ts:63:9)
    at processTicksAndRejections (node:internal/process/task_queues:95:5)
    at GenericContainer.start (/Users/patiphanchaiya/Documents/event-driven-fastify-structure/node_modules/testcontainers/src/generic-container/generic-container.ts:87:20)
    at Function.setup (/Users/patiphanchaiya/Documents/event-driven-fastify-structure/src/tests/integration/setup.ts:16:21)
    at Object.&lt;anonymous&gt; (/Users/patiphanchaiya/Documents/event-driven-fastify-structure/src/tests/integration/user.test.ts:10:15)</failure>
    </testcase>
    <testcase classname="User API Integration Tests PUT /api/users/:id" name="should return 404 for non-existent user" time="0">
      <failure>Error: Could not find a working container runtime strategy
    at getContainerRuntimeClient (/Users/patiphanchaiya/Documents/event-driven-fastify-structure/node_modules/testcontainers/src/container-runtime/clients/client.ts:63:9)
    at processTicksAndRejections (node:internal/process/task_queues:95:5)
    at GenericContainer.start (/Users/patiphanchaiya/Documents/event-driven-fastify-structure/node_modules/testcontainers/src/generic-container/generic-container.ts:87:20)
    at Function.setup (/Users/patiphanchaiya/Documents/event-driven-fastify-structure/src/tests/integration/setup.ts:16:21)
    at Object.&lt;anonymous&gt; (/Users/patiphanchaiya/Documents/event-driven-fastify-structure/src/tests/integration/user.test.ts:10:15)</failure>
    </testcase>
    <testcase classname="User API Integration Tests DELETE /api/users/:id" name="should delete an existing user and return 202 Accepted" time="0">
      <failure>Error: Could not find a working container runtime strategy
    at getContainerRuntimeClient (/Users/patiphanchaiya/Documents/event-driven-fastify-structure/node_modules/testcontainers/src/container-runtime/clients/client.ts:63:9)
    at processTicksAndRejections (node:internal/process/task_queues:95:5)
    at GenericContainer.start (/Users/patiphanchaiya/Documents/event-driven-fastify-structure/node_modules/testcontainers/src/generic-container/generic-container.ts:87:20)
    at Function.setup (/Users/patiphanchaiya/Documents/event-driven-fastify-structure/src/tests/integration/setup.ts:16:21)
    at Object.&lt;anonymous&gt; (/Users/patiphanchaiya/Documents/event-driven-fastify-structure/src/tests/integration/user.test.ts:10:15)</failure>
    </testcase>
    <testcase classname="User API Integration Tests DELETE /api/users/:id" name="should return 404 for non-existent user" time="0">
      <failure>Error: Could not find a working container runtime strategy
    at getContainerRuntimeClient (/Users/patiphanchaiya/Documents/event-driven-fastify-structure/node_modules/testcontainers/src/container-runtime/clients/client.ts:63:9)
    at processTicksAndRejections (node:internal/process/task_queues:95:5)
    at GenericContainer.start (/Users/patiphanchaiya/Documents/event-driven-fastify-structure/node_modules/testcontainers/src/generic-container/generic-container.ts:87:20)
    at Function.setup (/Users/patiphanchaiya/Documents/event-driven-fastify-structure/src/tests/integration/setup.ts:16:21)
    at Object.&lt;anonymous&gt; (/Users/patiphanchaiya/Documents/event-driven-fastify-structure/src/tests/integration/user.test.ts:10:15)</failure>
    </testcase>
    <testcase classname="User API Integration Tests GET /events" name="should return event history" time="0">
      <failure>Error: Could not find a working container runtime strategy
    at getContainerRuntimeClient (/Users/patiphanchaiya/Documents/event-driven-fastify-structure/node_modules/testcontainers/src/container-runtime/clients/client.ts:63:9)
    at processTicksAndRejections (node:internal/process/task_queues:95:5)
    at GenericContainer.start (/Users/patiphanchaiya/Documents/event-driven-fastify-structure/node_modules/testcontainers/src/generic-container/generic-container.ts:87:20)
    at Function.setup (/Users/patiphanchaiya/Documents/event-driven-fastify-structure/src/tests/integration/setup.ts:16:21)
    at Object.&lt;anonymous&gt; (/Users/patiphanchaiya/Documents/event-driven-fastify-structure/src/tests/integration/user.test.ts:10:15)</failure>
    </testcase>
    <testcase classname="User API Integration Tests GET /events" name="should support pagination" time="0">
      <failure>Error: Could not find a working container runtime strategy
    at getContainerRuntimeClient (/Users/patiphanchaiya/Documents/event-driven-fastify-structure/node_modules/testcontainers/src/container-runtime/clients/client.ts:63:9)
    at processTicksAndRejections (node:internal/process/task_queues:95:5)
    at GenericContainer.start (/Users/patiphanchaiya/Documents/event-driven-fastify-structure/node_modules/testcontainers/src/generic-container/generic-container.ts:87:20)
    at Function.setup (/Users/patiphanchaiya/Documents/event-driven-fastify-structure/src/tests/integration/setup.ts:16:21)
    at Object.&lt;anonymous&gt; (/Users/patiphanchaiya/Documents/event-driven-fastify-structure/src/tests/integration/user.test.ts:10:15)</failure>
    </testcase>
    <testcase classname="" name="Test execution failure: could be caused by test hooks like &apos;afterAll&apos;." time="0">
      <failure>{&quot;message&quot;:&quot;&quot;,&quot;stack&quot;:&quot;TypeError: Cannot read properties of undefined (reading &apos;cleanup&apos;)\n    at Object.&lt;anonymous&gt; (/Users/patiphanchaiya/Documents/event-driven-fastify-structure/src/tests/integration/user.test.ts:16:19)\n    at Promise.finally.completed (/Users/patiphanchaiya/Documents/event-driven-fastify-structure/node_modules/jest-circus/build/jestAdapterInit.js:1559:28)\n    at new Promise (&lt;anonymous&gt;)\n    at callAsyncCircusFn (/Users/patiphanchaiya/Documents/event-driven-fastify-structure/node_modules/jest-circus/build/jestAdapterInit.js:1499:10)\n    at _callCircusHook (/Users/patiphanchaiya/Documents/event-driven-fastify-structure/node_modules/jest-circus/build/jestAdapterInit.js:978:40)\n    at processTicksAndRejections (node:internal/process/task_queues:95:5)\n    at _runTestsForDescribeBlock (/Users/patiphanchaiya/Documents/event-driven-fastify-structure/node_modules/jest-circus/build/jestAdapterInit.js:856:7)\n    at _runTestsForDescribeBlock (/Users/patiphanchaiya/Documents/event-driven-fastify-structure/node_modules/jest-circus/build/jestAdapterInit.js:829:11)\n    at run (/Users/patiphanchaiya/Documents/event-driven-fastify-structure/node_modules/jest-circus/build/jestAdapterInit.js:757:3)\n    at runAndTransformResultsToJestFormat (/Users/patiphanchaiya/Documents/event-driven-fastify-structure/node_modules/jest-circus/build/jestAdapterInit.js:1920:21)\n    at jestAdapter (/Users/patiphanchaiya/Documents/event-driven-fastify-structure/node_modules/jest-circus/build/runner.js:101:19)\n    at runTestInternal (/Users/patiphanchaiya/Documents/event-driven-fastify-structure/node_modules/jest-runner/build/index.js:275:16)\n    at runTest (/Users/patiphanchaiya/Documents/event-driven-fastify-structure/node_modules/jest-runner/build/index.js:343:7)&quot;}</failure>
    </testcase>
  </testsuite>
</testsuites>